{"name":"Validation","id":"validation;validation","testSteps":[{"number":1,"description":"1: Validation ({unitType\u003dMolecular Biology, existingLabNumber\u003d20210000000002249, notes\u003dsample Notes, NoneExistingLabNumber\u003d11111111111111111})","duration":67151,"startTime":"2023-03-16T21:41:45.160Z[Etc/UTC]","exception":{"errorType":"java.lang.AssertionError","stackTrace":[{"declaringClass":"org.openelisglobal.qaframework.automation.ValidationSteps","methodName":"testCantBeMarkedWithBothSaveAndRetest","fileName":"ValidationSteps.java","lineNumber":218},{"declaringClass":"✽","methodName":"Tests cannot be checked both `Save` and `Retest` at the same time","fileName":"file:///home/runner/work/openelis-qaframework/openelis-qaframework/src/features/openelis/validation.feature","lineNumber":33}]},"result":"FAILURE","precondition":false,"level":0,"lineNumber":43,"children":[{"number":2,"description":"Given User goes to Home page","duration":4551,"startTime":"2023-03-16T21:41:45.783Z[Etc/UTC]","result":"SUCCESS","precondition":false,"level":1},{"number":3,"description":"Given User has an existing order \"20210000000002249\"","duration":5112,"startTime":"2023-03-16T21:41:50.334Z[Etc/UTC]","result":"SUCCESS","precondition":false,"level":1},{"number":4,"description":"When User Selects Validation --\u003e Routine,from the main menu","duration":1494,"startTime":"2023-03-16T21:41:55.447Z[Etc/UTC]","result":"SUCCESS","precondition":false,"level":1},{"number":5,"description":"Then The Validation by Unit Type \"Molecular Biology\" page displays","duration":41688,"startTime":"2023-03-16T21:41:56.942Z[Etc/UTC]","result":"SUCCESS","precondition":false,"level":1},{"number":6,"description":"When User Selects a Unit Type \"Molecular Biology\" under which there are known tests","duration":2268,"startTime":"2023-03-16T21:42:38.631Z[Etc/UTC]","result":"SUCCESS","precondition":false,"level":1},{"number":7,"description":"Then Tests display with Lab order Number, Test name, result and result reference","duration":221,"startTime":"2023-03-16T21:42:40.900Z[Etc/UTC]","result":"SUCCESS","precondition":false,"level":1},{"number":8,"description":"When User Enters an none existing order number \"11111111111111111\" ,then message `Accession number not found` appears","duration":1587,"startTime":"2023-03-16T21:42:41.121Z[Etc/UTC]","result":"SUCCESS","precondition":false,"level":1},{"number":9,"description":"Then User Enters an existing order number \"20210000000002249\" ,Page goes to order number, order is highlighted in yellow","duration":2734,"startTime":"2023-03-16T21:42:42.708Z[Etc/UTC]","result":"SUCCESS","precondition":false,"level":1},{"number":10,"description":"When User Selects Validation --\u003e Routine,from the main menu","duration":1500,"startTime":"2023-03-16T21:42:45.443Z[Etc/UTC]","result":"SUCCESS","precondition":false,"level":1},{"number":11,"description":"And User Selects a Unit Type \"Molecular Biology\" under which there are known tests","duration":2284,"startTime":"2023-03-16T21:42:46.944Z[Etc/UTC]","result":"SUCCESS","precondition":false,"level":1},{"number":12,"description":"Then User Check for known non-conformity, Red flag displayed next to test","duration":77,"startTime":"2023-03-16T21:42:49.228Z[Etc/UTC]","result":"SUCCESS","precondition":false,"level":1},{"number":13,"description":"And Non-conformity Reason note displays with Date and Time stamp","duration":0,"startTime":"2023-03-16T21:42:49.306Z[Etc/UTC]","result":"SUCCESS","precondition":false,"level":1},{"number":14,"description":"When User Checks `Save all results`","duration":150,"startTime":"2023-03-16T21:42:49.307Z[Etc/UTC]","result":"SUCCESS","precondition":false,"level":1},{"number":15,"description":"Then All results are checked `Save`","duration":302,"startTime":"2023-03-16T21:42:49.457Z[Etc/UTC]","result":"SUCCESS","precondition":false,"level":1},{"number":16,"description":"When User Unchecks `Save all results`","duration":148,"startTime":"2023-03-16T21:42:49.760Z[Etc/UTC]","result":"SUCCESS","precondition":false,"level":1},{"number":17,"description":"Then All results are de-checked `Save`","duration":56,"startTime":"2023-03-16T21:42:49.908Z[Etc/UTC]","result":"SUCCESS","precondition":false,"level":1},{"number":18,"description":"When User Checks `Save all results` again","duration":79,"startTime":"2023-03-16T21:42:49.964Z[Etc/UTC]","result":"SUCCESS","precondition":false,"level":1},{"number":19,"description":"And User Unchecks `Save` For selected tests","duration":109,"startTime":"2023-03-16T21:42:50.044Z[Etc/UTC]","result":"SUCCESS","precondition":false,"level":1},{"number":20,"description":"Then Seleted Save Check boxes are clear","duration":42,"startTime":"2023-03-16T21:42:50.154Z[Etc/UTC]","result":"SUCCESS","precondition":false,"level":1},{"number":21,"description":"When User Checks `Retest all results`","duration":115,"startTime":"2023-03-16T21:42:50.196Z[Etc/UTC]","result":"SUCCESS","precondition":false,"level":1},{"number":22,"description":"Then All results are checked `Retest`","duration":310,"startTime":"2023-03-16T21:42:50.312Z[Etc/UTC]","result":"SUCCESS","precondition":false,"level":1},{"number":23,"description":"When User Unchecks `Retest all results`","duration":138,"startTime":"2023-03-16T21:42:50.623Z[Etc/UTC]","result":"SUCCESS","precondition":false,"level":1},{"number":24,"description":"Then All results are de-checked `Retest`","duration":116,"startTime":"2023-03-16T21:42:50.762Z[Etc/UTC]","result":"SUCCESS","precondition":false,"level":1},{"number":25,"description":"When User Checks `Retest all results` again","duration":128,"startTime":"2023-03-16T21:42:50.878Z[Etc/UTC]","result":"SUCCESS","precondition":false,"level":1},{"number":26,"description":"And User Unchecks `Retest` for selected tests","duration":139,"startTime":"2023-03-16T21:42:51.007Z[Etc/UTC]","result":"SUCCESS","precondition":false,"level":1},{"number":27,"description":"Then Seleted Retest Check boxes are clear","duration":97,"startTime":"2023-03-16T21:42:51.147Z[Etc/UTC]","result":"SUCCESS","precondition":false,"level":1},{"number":28,"description":"And Tests cannot be checked both `Save` and `Retest` at the same time","duration":950,"startTime":"2023-03-16T21:42:51.245Z[Etc/UTC]","exception":{"errorType":"java.lang.AssertionError","stackTrace":[{"declaringClass":"org.openelisglobal.qaframework.automation.ValidationSteps","methodName":"testCantBeMarkedWithBothSaveAndRetest","fileName":"ValidationSteps.java","lineNumber":218},{"declaringClass":"✽","methodName":"Tests cannot be checked both `Save` and `Retest` at the same time","fileName":"file:///home/runner/work/openelis-qaframework/openelis-qaframework/src/features/openelis/validation.feature","lineNumber":33}]},"result":"FAILURE","precondition":false,"level":1},{"number":29,"description":"Then User now saves tests with mixture of both `Save` and `Retest`","duration":1,"startTime":"2023-03-16T21:42:52.195Z[Etc/UTC]","result":"SKIPPED","precondition":false,"level":1},{"number":30,"description":"When User Selects Validation --\u003e Routine,from the main menu","duration":0,"startTime":"2023-03-16T21:42:52.197Z[Etc/UTC]","result":"SKIPPED","precondition":false,"level":1},{"number":31,"description":"And User Selects a Unit Type \"Molecular Biology\" under which there are known tests","duration":0,"startTime":"2023-03-16T21:42:52.198Z[Etc/UTC]","result":"SKIPPED","precondition":false,"level":1},{"number":32,"description":"And User Enters Validation notes \"sample Notes\"","duration":0,"startTime":"2023-03-16T21:42:52.199Z[Etc/UTC]","result":"SKIPPED","precondition":false,"level":1},{"number":33,"description":"Then Field accepts validation text \"sample Notes\"","duration":0,"startTime":"2023-03-16T21:42:52.200Z[Etc/UTC]","result":"SKIPPED","precondition":false,"level":1},{"number":34,"description":"When User Closes Validation note box","duration":1,"startTime":"2023-03-16T21:42:52.201Z[Etc/UTC]","result":"SKIPPED","precondition":false,"level":1},{"number":35,"description":"Then Validation Note field closes; triangle symbol changes to notepad symbol","duration":1,"startTime":"2023-03-16T21:42:52.202Z[Etc/UTC]","result":"SKIPPED","precondition":false,"level":1}]}],"userStory":{"id":"validation","storyName":"Validation","path":"openelis/validation.feature","type":"feature"},"featureTag":{"name":"Openelis/Validation","type":"feature","displayName":"Openelis/Validation"},"title":"Validation","description":"","backgroundTitle":"","backgroundDescription":"","tags":[{"name":"validate","type":"tag","displayName":"validate"}],"startTime":"2023-03-16T21:41:45.158Z[Etc/UTC]","duration":67154,"testFailureCause":{"errorType":"java.lang.AssertionError","stackTrace":[{"declaringClass":"org.openelisglobal.qaframework.automation.ValidationSteps","methodName":"testCantBeMarkedWithBothSaveAndRetest","fileName":"ValidationSteps.java","lineNumber":218},{"declaringClass":"✽","methodName":"Tests cannot be checked both `Save` and `Retest` at the same time","fileName":"file:///home/runner/work/openelis-qaframework/openelis-qaframework/src/features/openelis/validation.feature","lineNumber":33}]},"testFailureClassname":"java.lang.AssertionError","testFailureSummary":"FAILURE;java.lang.AssertionError;null;ValidationSteps.java","projectKey":"","annotatedResult":"FAILURE","isManualTestingUpToDate":false,"dataTable":{"headers":["unitType","existingLabNumber","notes","NoneExistingLabNumber"],"rows":[{"values":["Molecular Biology","20210000000002249","sample Notes","11111111111111111"],"lineNumber":43,"result":"FAILURE"}],"predefinedRows":true,"scenarioOutline":"Given User has an existing order \"\u003cexistingLabNumber\u003e\"\n\rWhen User Selects Validation --\u003e Routine,from the main menu\n\rThen The Validation by Unit Type \"\u003cunitType\u003e\" page displays\n\rWhen User Selects a Unit Type \"\u003cunitType\u003e\" under which there are known tests\n\rThen Tests display with Lab order Number, Test name, result and result reference\n\rWhen User Enters an none existing order number \"\u003cNoneExistingLabNumber\u003e\" ,then message `Accession number not found` appears\n\rThen User Enters an existing order number \"\u003cexistingLabNumber\u003e\" ,Page goes to order number, order is highlighted in yellow\n\rWhen User Selects Validation --\u003e Routine,from the main menu\n\rAnd User Selects a Unit Type \"\u003cunitType\u003e\" under which there are known tests\n\rThen User Check for known non-conformity, Red flag displayed next to test\n\rAnd Non-conformity Reason note displays with Date and Time stamp\n\rWhen User Checks `Save all results`\n\rThen All results are checked `Save`\n\rWhen User Unchecks `Save all results`\n\rThen All results are de-checked `Save`\n\rWhen User Checks `Save all results` again\n\rAnd User Unchecks `Save` For selected tests\n\rThen Seleted Save Check boxes are clear\n\rWhen User Checks `Retest all results`\n\rThen All results are checked `Retest`\n\rWhen User Unchecks `Retest all results`\n\rThen All results are de-checked `Retest`\n\rWhen User Checks `Retest all results` again\n\rAnd User Unchecks `Retest` for selected tests\n\rThen Seleted Retest Check boxes are clear\n\rAnd Tests cannot be checked both `Save` and `Retest` at the same time\n\rThen User now saves tests with mixture of both `Save` and `Retest`\n\rWhen User Selects Validation --\u003e Routine,from the main menu\n\rAnd User Selects a Unit Type \"\u003cunitType\u003e\" under which there are known tests\n\rAnd User Enters Validation notes \"\u003cnotes\u003e\"\n\rThen Field accepts validation text \"\u003cnotes\u003e\"\n\rWhen User Closes Validation note box\n\rThen Validation Note field closes; triangle symbol changes to notepad symbol\n\r","dataSetDescriptors":[{"startRow":0,"rowCount":0,"name":"","description":""}]},"manual":false,"testSource":"Cucumber","result":"FAILURE","scenarioOutline":"Given User has an existing order \"\u003cexistingLabNumber\u003e\"\nWhen User Selects Validation --\u003e Routine,from the main menu\nThen The Validation by Unit Type \"\u003cunitType\u003e\" page displays\nWhen User Selects a Unit Type \"\u003cunitType\u003e\" under which there are known tests\nThen Tests display with Lab order Number, Test name, result and result reference\nWhen User Enters an none existing order number \"\u003cNoneExistingLabNumber\u003e\" ,then message `Accession number not found` appears\nThen User Enters an existing order number \"\u003cexistingLabNumber\u003e\" ,Page goes to order number, order is highlighted in yellow\nWhen User Selects Validation --\u003e Routine,from the main menu\nAnd User Selects a Unit Type \"\u003cunitType\u003e\" under which there are known tests\nThen User Check for known non-conformity, Red flag displayed next to test\nAnd Non-conformity Reason note displays with Date and Time stamp\nWhen User Checks `Save all results`\nThen All results are checked `Save`\nWhen User Unchecks `Save all results`\nThen All results are de-checked `Save`\nWhen User Checks `Save all results` again\nAnd User Unchecks `Save` For selected tests\nThen Seleted Save Check boxes are clear\nWhen User Checks `Retest all results`\nThen All results are checked `Retest`\nWhen User Unchecks `Retest all results`\nThen All results are de-checked `Retest`\nWhen User Checks `Retest all results` again\nAnd User Unchecks `Retest` for selected tests\nThen Seleted Retest Check boxes are clear\nAnd Tests cannot be checked both `Save` and `Retest` at the same time\nThen User now saves tests with mixture of both `Save` and `Retest`\nWhen User Selects Validation --\u003e Routine,from the main menu\nAnd User Selects a Unit Type \"\u003cunitType\u003e\" under which there are known tests\nAnd User Enters Validation notes \"\u003cnotes\u003e\"\nThen Field accepts validation text \"\u003cnotes\u003e\"\nWhen User Closes Validation note box\nThen Validation Note field closes; triangle symbol changes to notepad symbol"}