<?xml version="1.0" encoding="UTF-8"?><testsuite errors="1" failures="0" name="Results Entry" skipped="0" tests="9" time="332.24" timestamp="2023-02-23 01:57:27"><testcase name="Accessing Results Entry"/><testcase name="Searching for test result entry forms"/><testcase name="Results Entry Set-up"><error message="no such element: Unable to locate element: {&quot;method&quot;:&quot;xpath&quot;,&quot;selector&quot;:&quot;//*[@id='mainForm']/table/tbody/tr[1]/td/center/h1&quot;}&#10;  (Session info: chrome=110.0.5481.100)&#10;For documentation on this error, please visit: https://www.seleniumhq.org/exceptions/no_such_element.html&#10;Build info: version: '3.141.59', revision: 'e82be7d358', time: '2018-11-14T08:17:03'&#10;System info: host: 'fv-az577-661', ip: '10.1.0.13', os.name: 'Linux', os.arch: 'amd64', os.version: '5.15.0-1033-azure', java.version: '1.8.0_362'&#10;Driver info: org.openqa.selenium.remote.RemoteWebDriver&#10;Capabilities {acceptInsecureCerts: false, browserName: chrome, browserVersion: 110.0.5481.100, chrome: {chromedriverVersion: 110.0.5481.77 (65ed616c6e8e..., userDataDir: /tmp/.com.google.Chrome.ple0l4}, goog:chromeOptions: {debuggerAddress: localhost:33569}, javascriptEnabled: true, networkConnectionEnabled: false, pageLoadStrategy: normal, platform: LINUX, platformName: LINUX, proxy: Proxy(), se:bidiEnabled: false, se:cdp: ws://172.18.0.2:4444/sessio..., se:cdpVersion: 110.0.5481.100, se:vnc: ws://172.18.0.2:4444/sessio..., se:vncEnabled: true, se:vncLocalAddress: ws://172.18.0.2:7900, setWindowRect: true, strictFileInteractability: false, timeouts: {implicit: 0, pageLoad: 300000, script: 30000}, unhandledPromptBehavior: dismiss and notify, webauthn:extension:credBlob: true, webauthn:extension:largeBlob: true, webauthn:virtualAuthenticators: true}&#10;Session ID: 0154ca41255fcd4f18fd80474c1a112b&#10;*** Element info: {Using=xpath, value=//*[@id='mainForm']/table/tbody/tr[1]/td/center/h1}&#10;For documentation on this error, please visit: https://www.seleniumhq.org/exceptions/no_such_element.html&#10;Build info: version: '3.141.59', revision: 'e82be7d358', time: '2018-11-14T08:17:03'&#10;System info: host: 'fv-az577-661', ip: '10.1.0.13', os.name: 'Linux', os.arch: 'amd64', os.version: '5.15.0-1033-azure', java.version: '1.8.0_362'&#10;Driver info: driver.version: unknown" type="org.openqa.selenium.NoSuchElementException">no such element: Unable to locate element: {"method":"xpath","selector":"//*[@id='mainForm']/table/tbody/tr[1]/td/center/h1"}
  (Session info: chrome=110.0.5481.100)
For documentation on this error, please visit: https://www.seleniumhq.org/exceptions/no_such_element.html
Build info: version: '3.141.59', revision: 'e82be7d358', time: '2018-11-14T08:17:03'
System info: host: 'fv-az577-661', ip: '10.1.0.13', os.name: 'Linux', os.arch: 'amd64', os.version: '5.15.0-1033-azure', java.version: '1.8.0_362'
Driver info: org.openqa.selenium.remote.RemoteWebDriver
Capabilities {acceptInsecureCerts: false, browserName: chrome, browserVersion: 110.0.5481.100, chrome: {chromedriverVersion: 110.0.5481.77 (65ed616c6e8e..., userDataDir: /tmp/.com.google.Chrome.ple0l4}, goog:chromeOptions: {debuggerAddress: localhost:33569}, javascriptEnabled: true, networkConnectionEnabled: false, pageLoadStrategy: normal, platform: LINUX, platformName: LINUX, proxy: Proxy(), se:bidiEnabled: false, se:cdp: ws://172.18.0.2:4444/sessio..., se:cdpVersion: 110.0.5481.100, se:vnc: ws://172.18.0.2:4444/sessio..., se:vncEnabled: true, se:vncLocalAddress: ws://172.18.0.2:7900, setWindowRect: true, strictFileInteractability: false, timeouts: {implicit: 0, pageLoad: 300000, script: 30000}, unhandledPromptBehavior: dismiss and notify, webauthn:extension:credBlob: true, webauthn:extension:largeBlob: true, webauthn:virtualAuthenticators: true}
Session ID: 0154ca41255fcd4f18fd80474c1a112b
*** Element info: {Using=xpath, value=//*[@id='mainForm']/table/tbody/tr[1]/td/center/h1}
For documentation on this error, please visit: https://www.seleniumhq.org/exceptions/no_such_element.html
Build info: version: '3.141.59', revision: 'e82be7d358', time: '2018-11-14T08:17:03'
System info: host: 'fv-az577-661', ip: '10.1.0.13', os.name: 'Linux', os.arch: 'amd64', os.version: '5.15.0-1033-azure', java.version: '1.8.0_362'
Driver info: driver.version: unknown</error><system-err>no such element: Unable to locate element: {"method":"xpath","selector":"//*[@id='mainForm']/table/tbody/tr[1]/td/center/h1"}
  (Session info: chrome=110.0.5481.100)
For documentation on this error, please visit: https://www.seleniumhq.org/exceptions/no_such_element.html
Build info: version: '3.141.59', revision: 'e82be7d358', time: '2018-11-14T08:17:03'
System info: host: 'fv-az577-661', ip: '10.1.0.13', os.name: 'Linux', os.arch: 'amd64', os.version: '5.15.0-1033-azure', java.version: '1.8.0_362'
Driver info: org.openqa.selenium.remote.RemoteWebDriver
Capabilities {acceptInsecureCerts: false, browserName: chrome, browserVersion: 110.0.5481.100, chrome: {chromedriverVersion: 110.0.5481.77 (65ed616c6e8e..., userDataDir: /tmp/.com.google.Chrome.ple0l4}, goog:chromeOptions: {debuggerAddress: localhost:33569}, javascriptEnabled: true, networkConnectionEnabled: false, pageLoadStrategy: normal, platform: LINUX, platformName: LINUX, proxy: Proxy(), se:bidiEnabled: false, se:cdp: ws://172.18.0.2:4444/sessio..., se:cdpVersion: 110.0.5481.100, se:vnc: ws://172.18.0.2:4444/sessio..., se:vncEnabled: true, se:vncLocalAddress: ws://172.18.0.2:7900, setWindowRect: true, strictFileInteractability: false, timeouts: {implicit: 0, pageLoad: 300000, script: 30000}, unhandledPromptBehavior: dismiss and notify, webauthn:extension:credBlob: true, webauthn:extension:largeBlob: true, webauthn:virtualAuthenticators: true}
Session ID: 0154ca41255fcd4f18fd80474c1a112b
*** Element info: {Using=xpath, value=//*[@id='mainForm']/table/tbody/tr[1]/td/center/h1}
For documentation on this error, please visit: https://www.seleniumhq.org/exceptions/no_such_element.html
Build info: version: '3.141.59', revision: 'e82be7d358', time: '2018-11-14T08:17:03'
System info: host: 'fv-az577-661', ip: '10.1.0.13', os.name: 'Linux', os.arch: 'amd64', os.version: '5.15.0-1033-azure', java.version: '1.8.0_362'
Driver info: driver.version: unknown
org.openelisglobal.qaframework.automation.page.Page.findElement(Page.java:188)
org.openelisglobal.qaframework.automation.page.Page.hasElement(Page.java:474)
org.openelisglobal.qaframework.automation.page.SearchResultsByOrderPage.accesionNumberNotFoundDisplays(SearchResultsByOrderPage.java:63)
org.openelisglobal.qaframework.automation.ResultsEntrySteps.getUnknownResultPage(ResultsEntrySteps.java:320)
io.cucumber.java.Invoker.doInvoke(Invoker.java:66)
io.cucumber.java.Invoker.invoke(Invoker.java:24)
io.cucumber.java.AbstractGlueDefinition.invokeMethod(AbstractGlueDefinition.java:47)
io.cucumber.java.JavaStepDefinition.execute(JavaStepDefinition.java:29)
io.cucumber.core.runner.CoreStepDefinition.execute(CoreStepDefinition.java:66)
io.cucumber.core.runner.PickleStepDefinitionMatch.runStep(PickleStepDefinitionMatch.java:63)
io.cucumber.core.runner.TestStep.executeStep(TestStep.java:92)
io.cucumber.core.runner.TestStep.run(TestStep.java:64)
io.cucumber.core.runner.PickleStepTestStep.run(PickleStepTestStep.java:51)
io.cucumber.core.runner.TestCase.run(TestCase.java:104)
io.cucumber.core.runner.Runner.runPickle(Runner.java:73)
io.cucumber.junit.FeatureRunner.runChild(FeatureRunner.java:135)
io.cucumber.junit.FeatureRunner.runChild(FeatureRunner.java:27)
io.cucumber.junit.CucumberSerenityRunner.runChild(CucumberSerenityRunner.java:258)
io.cucumber.junit.CucumberSerenityRunner.runChild(CucumberSerenityRunner.java:57)
</system-err></testcase><testcase name="Entering Test Results"/><testcase name="Overall Page"/><testcase name="Verification"/><testcase name="Accept As Is functionality"/><testcase name="Verification"/><testcase name="Changing Results"/></testsuite>