<?xml version="1.0" encoding="UTF-8"?><testsuite errors="0" failures="1" name="Validation" skipped="0" tests="3" time="119.3" timestamp="2023-03-16 11:18:31"><testcase name="Validation"/><testcase name="Overall Page"><failure type="java.lang.AssertionError"/><system-err>null
org.openelisglobal.qaframework.automation.ValidationSteps.saveSuccesful(ValidationSteps.java:296)
âœ½.Returns to Validation Unit Type search page and message in green `Save was successful` appears(file:///home/runner/work/openelis-qaframework/openelis-qaframework/src/features/openelis/validation.feature:56)
</system-err></testcase><testcase name="Verification"/></testsuite>