<?xml version="1.0" encoding="UTF-8"?><testsuite errors="0" failures="1" name="Add Order" skipped="0" tests="23" time="459.67" timestamp="2023-03-16 10:37:10"><testcase name="Order Number"/><testcase name="Request and Received Date"/><testcase name="Reception Time"/><testcase name="Site Name"/><testcase name="Requester's Name"/><testcase name="Requester Phone/Fax/Email"/><testcase name="Payment fields and Sampling performed for analysis"/><testcase name="Add samples"/><testcase name="Collection Date"/><testcase name="Collection Time"/><testcase name="Collector"/><testcase name="Available Tests and Panels"/><testcase name="Patient Search"/><testcase name="Patient Information"/><testcase name="Overall Page"><failure type="java.lang.AssertionError"/><system-err>null
org.openelisglobal.qaframework.automation.AddOrderSteps.saveButtonActivated(AddOrderSteps.java:822)
✽.Save button is Activated when all mandatory fields are completed(file:///home/runner/work/openelis-qaframework/openelis-qaframework/src/features/openelis/addOrder.feature:209)
</system-err></testcase></testsuite>